{
  "RSpec": {
    "coverage": {
      "/Users/jessicabulman/Projects/week_10/bank/spec/money_spec.rb": {
        "lines": [
          1,
          null,
          1,
          1,
          1,
          null,
          1,
          2,
          1,
          4,
          null,
          null,
          1,
          2,
          1,
          4,
          null,
          null,
          null
        ]
      },
      "/Users/jessicabulman/Projects/week_10/bank/lib/money.rb": {
        "lines": [
          1,
          null,
          1,
          5,
          null,
          null,
          1,
          5,
          null,
          null,
          1,
          1,
          null,
          null,
          1,
          1,
          null,
          null,
          null
        ]
      }
    },
    "timestamp": 1635243023
  }
}
